[M1-RAY 13:19:50] mode=bootstrap tracking_uri=http://129.114.26.214:8000
[M1-RAY 13:19:50] data_path=swift://neural-budget-data-proj16/processed/categorization_train.csv
[M1-RAY 13:19:50] eval_path=swift://neural-budget-data-proj16/processed/categorization_eval.csv
[M1-RAY 13:19:50] production_path=None
[M1-RAY 13:19:50] eval_path=swift://neural-budget-data-proj16/processed/categorization_eval.csv
[M1-RAY 13:19:50] quality_gate_macro_f1=0.65
[M1-RAY 13:19:50] using cached /tmp/nb_data_cache/neural-budget-data-proj16/processed/categorization_train.csv
[M1-RAY 13:19:50] using cached /tmp/nb_data_cache/neural-budget-data-proj16/processed/categorization_train.csv
[M1-RAY 13:19:55] using cached /tmp/nb_data_cache/neural-budget-data-proj16/processed/categorization_eval.csv
[M1-RAY 13:19:55] using cached /tmp/nb_data_cache/neural-budget-data-proj16/processed/categorization_eval.csv
[M1-RAY 13:20:57] building DMatrix: train=1,356,334 rows  eval=339,084 rows  features=1003
[0]	train-mlogloss:1.95009	eval-mlogloss:1.95027
[50]	train-mlogloss:0.00978	eval-mlogloss:0.00978
[100]	train-mlogloss:0.00008	eval-mlogloss:0.00008
[150]	train-mlogloss:0.00001	eval-mlogloss:0.00001
[199]	train-mlogloss:0.00000	eval-mlogloss:0.00000
2026/04/23 13:25:04 WARNING mlflow.models.model: Model logged without a signature and input example. Please set `input_example` parameter when logging the model to auto infer the model signature.
[safeguard] running safeguarding checks...
[safeguard] fairness: underperforming=none
[safeguard] explainability: top_features.json logged to MLflow
[safeguard] robustness OK: low_confidence_rate=0.0%
[safeguard] privacy: no card-number patterns detected
[safeguard] accountability: git_commit=c33ccb6
[safeguard] accountability: data_hash=4a99e24b90616ced98cd2ed172922ad2
[safeguard] all checks complete
[M1-RAY 13:25:07] previous version: v5 macro_f1=1.0
[M1-RAY 13:25:07] category regression gate passed (checked 15 categories)
[M1-RAY 13:25:08] NOT REGISTERED — no improvement (prev=1.0000 -> curr=1.0000)
[M1-RAY 13:25:08] macro_f1=1.0000, accuracy=1.0000, weighted_f1=1.0000, train_time=234.4s
[M1-RAY 13:25:08] done | run_id=6d888d6af4b640c28bd4282dbea1b0c5
2026/04/23 13:25:08 INFO mlflow.tracking._tracking_service.client: 🏃 View run mercurial-asp-38 at: http://129.114.26.214:8000/#/experiments/4/runs/6d888d6af4b640c28bd4282dbea1b0c5.
2026/04/23 13:25:08 INFO mlflow.tracking._tracking_service.client: 🧪 View experiment at: http://129.114.26.214:8000/#/experiments/4.
