[M1-RAY 13:30:08] mode=bootstrap tracking_uri=http://129.114.26.214:8000
[M1-RAY 13:30:08] data_path=swift://neural-budget-data-proj16/processed/categorization_train.csv
[M1-RAY 13:30:08] eval_path=swift://neural-budget-data-proj16/processed/categorization_eval.csv
[M1-RAY 13:30:08] production_path=None
[M1-RAY 13:30:08] eval_path=swift://neural-budget-data-proj16/processed/categorization_eval.csv
[M1-RAY 13:30:08] quality_gate_macro_f1=0.65
[M1-RAY 13:30:08] using cached /tmp/nb_data_cache/neural-budget-data-proj16/processed/categorization_train.csv
[M1-RAY 13:30:08] using cached /tmp/nb_data_cache/neural-budget-data-proj16/processed/categorization_train.csv
[M1-RAY 13:30:11] using cached /tmp/nb_data_cache/neural-budget-data-proj16/processed/categorization_eval.csv
[M1-RAY 13:30:11] using cached /tmp/nb_data_cache/neural-budget-data-proj16/processed/categorization_eval.csv
[M1-RAY 13:31:00] building DMatrix: train=1,356,334 rows  eval=339,084 rows  features=1503
[0]	train-mlogloss:1.68677	eval-mlogloss:1.68642
[50]	train-mlogloss:0.00087	eval-mlogloss:0.00087
[100]	train-mlogloss:0.00001	eval-mlogloss:0.00001
[150]	train-mlogloss:0.00000	eval-mlogloss:0.00000
[199]	train-mlogloss:0.00000	eval-mlogloss:0.00000
2026/04/23 13:34:09 WARNING mlflow.models.model: Model logged without a signature and input example. Please set `input_example` parameter when logging the model to auto infer the model signature.
[safeguard] running safeguarding checks...
[safeguard] fairness: underperforming=none
[safeguard] explainability: top_features.json logged to MLflow
[safeguard] robustness OK: low_confidence_rate=0.0%
[safeguard] privacy: no card-number patterns detected
[safeguard] accountability: git_commit=c33ccb6
[safeguard] accountability: data_hash=4a99e24b90616ced98cd2ed172922ad2
[safeguard] all checks complete
[M1-RAY 13:34:13] previous version: v5 macro_f1=1.0
[M1-RAY 13:34:13] category regression gate passed (checked 15 categories)
[M1-RAY 13:34:14] NOT REGISTERED — no improvement (prev=1.0000 -> curr=1.0000)
[M1-RAY 13:34:14] macro_f1=1.0000, accuracy=1.0000, weighted_f1=1.0000, train_time=176.6s
[M1-RAY 13:34:14] done | run_id=316f342c2ce54ed69b306e9348fdcc8d
2026/04/23 13:34:14 INFO mlflow.tracking._tracking_service.client: 🏃 View run illustrious-moth-575 at: http://129.114.26.214:8000/#/experiments/4/runs/316f342c2ce54ed69b306e9348fdcc8d.
2026/04/23 13:34:14 INFO mlflow.tracking._tracking_service.client: 🧪 View experiment at: http://129.114.26.214:8000/#/experiments/4.
